WARN: Error evaluating script /n/home05/kirchner/hsph_scratch/projects/js_trinity/src/newbpipe/bwa.groovy: startup failed:
Script1.groovy: 16: expecting anything but ''\n''; got it anyway @ line 16, column 46.
   ex -p $vectordir -a is $vector
                                 ^

1 error

WARN: Error evaluating script /n/home05/kirchner/hsph_scratch/projects/js_trinity/src/newbpipe/bwa.groovy: startup failed:
Script1.groovy: 16: expecting anything but ''\n''; got it anyway @ line 16, column 46.
   ex -p $vectordir -a is $vector
                                 ^

1 error

WARN: Error evaluating script /n/home05/kirchner/hsph_scratch/projects/js_trinity/src/newbpipe/bwa.groovy: startup failed:
Script1.groovy: 16: expecting anything but ''\n''; got it anyway @ line 16, column 46.
   ex -p $vectordir -a is $vector
                                 ^

1 error

WARN: Error evaluating script /n/home05/kirchner/hsph_scratch/projects/js_trinity/src/newbpipe/bwa.groovy: startup failed:
Script1.groovy: 16: expecting anything but ''\n''; got it anyway @ line 16, column 46.
   ex -p $vectordir -a is $vector
                                 ^

1 error

WARN: Error evaluating script /n/home05/kirchner/hsph_scratch/projects/js_trinity/src/newbpipe/bwa.groovy: startup failed:
Script1.groovy: 16: expecting anything but ''\n''; got it anyway @ line 16, column 46.
   ex -p $vectordir -a is $vector
                                 ^

1 error

WARN: Error evaluating script /n/home05/kirchner/hsph_scratch/projects/js_trinity/src/newbpipe/bwa.groovy: startup failed:
Script1.groovy: 16: expecting anything but ''\n''; got it anyway @ line 16, column 46.
   ex -p $vectordir -a is $vector
                                 ^

1 error

WARN: Error evaluating script /n/home05/kirchner/hsph_scratch/projects/js_trinity/src/newbpipe/bwa.groovy: startup failed:
Script1.groovy: 16: expecting anything but ''\n''; got it anyway @ line 16, column 46.
   ex -p $vectordir -a is $vector
                                 ^

1 error

WARN: Error evaluating script /n/home05/kirchner/hsph_scratch/projects/js_trinity/src/newbpipe/bwa.groovy: startup failed:
Script1.groovy: 16: expecting anything but ''\n''; got it anyway @ line 16, column 46.
   ex -p $vectordir -a is $vector
                                 ^

1 error

WARN: Error evaluating script /n/home05/kirchner/hsph_scratch/projects/js_trinity/src/newbpipe/bwa.groovy: startup failed:
Script1.groovy: 16: expecting anything but ''\n''; got it anyway @ line 16, column 46.
   ex -p $vectordir -a is $vector
                                 ^

1 error

WARN: Error evaluating script /n/home05/kirchner/hsph_scratch/projects/js_trinity/src/newbpipe/bwa.groovy: startup failed:
Script1.groovy: 16: expecting anything but ''\n''; got it anyway @ line 16, column 46.
   ex -p $vectordir -a is $vector
                                 ^

1 error

WARN: Error evaluating script /n/home05/kirchner/hsph_scratch/projects/js_trinity/src/newbpipe/bwa.groovy: startup failed:
Script1.groovy: 16: expecting anything but ''\n''; got it anyway @ line 16, column 46.
   ex -p $vectordir -a is $vector
                                 ^

1 error

WARN: Error evaluating script /n/home05/kirchner/hsph_scratch/projects/js_trinity/src/newbpipe/bwa.groovy: startup failed:
Script1.groovy: 16: expecting anything but ''\n''; got it anyway @ line 16, column 46.
   ex -p $vectordir -a is $vector
                                 ^

1 error

WARN: Error evaluating script /n/home05/kirchner/hsph_scratch/projects/js_trinity/src/newbpipe/bwa.groovy: startup failed:
Script1.groovy: 16: expecting anything but ''\n''; got it anyway @ line 16, column 46.
   ex -p $vectordir -a is $vector
                                 ^

1 error

WARN: Error evaluating script /n/home05/kirchner/hsph_scratch/projects/js_trinity/src/newbpipe/bwa.groovy: startup failed:
Script1.groovy: 16: expecting anything but ''\n''; got it anyway @ line 16, column 46.
   ex -p $vectordir -a is $vector
                                 ^

1 error

WARN: Error evaluating script /n/home05/kirchner/hsph_scratch/projects/js_trinity/src/newbpipe/bwa.groovy: startup failed:
Script1.groovy: 16: expecting anything but ''\n''; got it anyway @ line 16, column 46.
   ex -p $vectordir -a is $vector
                                 ^

1 error

WARN: Error evaluating script /n/home05/kirchner/hsph_scratch/projects/js_trinity/src/newbpipe/bwa.groovy: startup failed:
Script1.groovy: 16: expecting anything but ''\n''; got it anyway @ line 16, column 46.
   ex -p $vectordir -a is $vector
                                 ^

1 error

WARN: Error evaluating script /n/home05/kirchner/hsph_scratch/projects/js_trinity/src/newbpipe/bwa.groovy: startup failed:
Script1.groovy: 16: expecting anything but ''\n''; got it anyway @ line 16, column 46.
   ex -p $vectordir -a is $vector
                                 ^

1 error

WARN: Error evaluating script /n/home05/kirchner/hsph_scratch/projects/js_trinity/src/newbpipe/bwa.groovy: startup failed:
Script1.groovy: 16: expecting anything but ''\n''; got it anyway @ line 16, column 46.
   ex -p $vectordir -a is $vector
                                 ^

1 error

WARN: Error evaluating script /n/home05/kirchner/hsph_scratch/projects/js_trinity/src/newbpipe/bwa.groovy: startup failed:
Script1.groovy: 16: expecting anything but ''\n''; got it anyway @ line 16, column 46.
   ex -p $vectordir -a is $vector
                                 ^

1 error

WARN: Error evaluating script /n/home05/kirchner/hsph_scratch/projects/js_trinity/src/newbpipe/bwa.groovy: startup failed:
Script1.groovy: 16: expecting anything but ''\n''; got it anyway @ line 16, column 46.
   ex -p $vectordir -a is $vector
                                 ^

1 error

WARN: Error evaluating script /n/home05/kirchner/hsph_scratch/projects/js_trinity/src/newbpipe/bwa.groovy: startup failed:
Script1.groovy: 16: expecting anything but ''\n''; got it anyway @ line 16, column 46.
   ex -p $vectordir -a is $vector
                                 ^

1 error

WARN: Error evaluating script /n/home05/kirchner/hsph_scratch/projects/js_trinity/src/newbpipe/bwa.groovy: startup failed:
Script1.groovy: 16: expecting anything but ''\n''; got it anyway @ line 16, column 46.
   ex -p $vectordir -a is $vector
                                 ^

1 error

WARN: Error evaluating script /n/home05/kirchner/hsph_scratch/projects/js_trinity/src/newbpipe/bwa.groovy: startup failed:
Script1.groovy: 16: expecting anything but ''\n''; got it anyway @ line 16, column 46.
   ex -p $vectordir -a is $vector
                                 ^

1 error

WARN: Error evaluating script /n/home05/kirchner/hsph_scratch/projects/js_trinity/src/newbpipe/bwa.groovy: startup failed:
Script1.groovy: 16: expecting anything but ''\n''; got it anyway @ line 16, column 46.
   ex -p $vectordir -a is $vector
                                 ^

1 error

WARN: Error evaluating script /n/home05/kirchner/hsph_scratch/projects/js_trinity/src/newbpipe/bwa.groovy: startup failed:
Script1.groovy: 16: expecting anything but ''\n''; got it anyway @ line 16, column 46.
   ex -p $vectordir -a is $vector
                                 ^

1 error

WARN: Error evaluating script /n/home05/kirchner/hsph_scratch/projects/js_trinity/src/newbpipe/bwa.groovy: startup failed:
Script1.groovy: 16: expecting anything but ''\n''; got it anyway @ line 16, column 46.
   ex -p $vectordir -a is $vector
                                 ^

1 error

WARN: Error evaluating script /n/home05/kirchner/hsph_scratch/projects/js_trinity/src/newbpipe/bwa.groovy: startup failed:
Script1.groovy: 16: expecting anything but ''\n''; got it anyway @ line 16, column 46.
   ex -p $vectordir -a is $vector
                                 ^

1 error

WARN: Error evaluating script /n/home05/kirchner/hsph_scratch/projects/js_trinity/src/newbpipe/bwa.groovy: startup failed:
Script1.groovy: 16: expecting anything but ''\n''; got it anyway @ line 16, column 46.
   ex -p $vectordir -a is $vector
                                 ^

1 error

WARN: Error evaluating script /n/home05/kirchner/hsph_scratch/projects/js_trinity/src/newbpipe/bwa.groovy: startup failed:
Script1.groovy: 16: expecting anything but ''\n''; got it anyway @ line 16, column 46.
   ex -p $vectordir -a is $vector
                                 ^

1 error

WARN: Error evaluating script /n/home05/kirchner/hsph_scratch/projects/js_trinity/src/newbpipe/bwa.groovy: startup failed:
Script1.groovy: 16: expecting anything but ''\n''; got it anyway @ line 16, column 46.
   ex -p $vectordir -a is $vector
                                 ^

1 error

WARN: Error evaluating script /n/home05/kirchner/hsph_scratch/projects/js_trinity/src/newbpipe/bwa.groovy: startup failed:
Script1.groovy: 16: expecting anything but ''\n''; got it anyway @ line 16, column 46.
   ex -p $vectordir -a is $vector
                                 ^

1 error

WARN: Error evaluating script /n/home05/kirchner/hsph_scratch/projects/js_trinity/src/newbpipe/bwa.groovy: startup failed:
Script1.groovy: 16: expecting anything but ''\n''; got it anyway @ line 16, column 46.
   ex -p $vectordir -a is $vector
                                 ^

1 error

WARN: Error evaluating script /n/home05/kirchner/hsph_scratch/projects/js_trinity/src/newbpipe/bwa.groovy: startup failed:
Script1.groovy: 16: expecting anything but ''\n''; got it anyway @ line 16, column 46.
   ex -p $vectordir -a is $vector
                                 ^

1 error

WARN: Error evaluating script /n/home05/kirchner/hsph_scratch/projects/js_trinity/src/newbpipe/bwa.groovy: startup failed:
Script1.groovy: 16: expecting anything but ''\n''; got it anyway @ line 16, column 46.
   ex -p $vectordir -a is $vector
                                 ^

1 error

WARN: Error evaluating script /n/home05/kirchner/hsph_scratch/projects/js_trinity/src/newbpipe/bwa.groovy: startup failed:
Script1.groovy: 16: expecting anything but ''\n''; got it anyway @ line 16, column 46.
   ex -p $vectordir -a is $vector
                                 ^

1 error

WARN: Error evaluating script /n/home05/kirchner/hsph_scratch/projects/js_trinity/src/newbpipe/bwa.groovy: startup failed:
Script1.groovy: 16: expecting anything but ''\n''; got it anyway @ line 16, column 46.
   ex -p $vectordir -a is $vector
                                 ^

1 error

WARN: Error evaluating script /n/home05/kirchner/hsph_scratch/projects/js_trinity/src/newbpipe/bwa.groovy: startup failed:
Script1.groovy: 16: expecting anything but ''\n''; got it anyway @ line 16, column 46.
   ex -p $vectordir -a is $vector
                                 ^

1 error

WARN: Error evaluating script /n/home05/kirchner/hsph_scratch/projects/js_trinity/src/newbpipe/bwa.groovy: startup failed:
Script1.groovy: 16: expecting anything but ''\n''; got it anyway @ line 16, column 46.
   ex -p $vectordir -a is $vector
                                 ^

1 error

WARN: Error evaluating script /n/home05/kirchner/hsph_scratch/projects/js_trinity/src/newbpipe/bwa.groovy: startup failed:
Script1.groovy: 16: expecting anything but ''\n''; got it anyway @ line 16, column 46.
   ex -p $vectordir -a is $vector
                                 ^

1 error

WARN: Error evaluating script /n/home05/kirchner/hsph_scratch/projects/js_trinity/src/newbpipe/bwa.groovy: startup failed:
Script1.groovy: 16: expecting anything but ''\n''; got it anyway @ line 16, column 46.
   ex -p $vectordir -a is $vector
                                 ^

1 error

WARN: Error evaluating script /n/home05/kirchner/hsph_scratch/projects/js_trinity/src/newbpipe/bwa.groovy: startup failed:
Script1.groovy: 16: expecting anything but ''\n''; got it anyway @ line 16, column 46.
   ex -p $vectordir -a is $vector
                                 ^

1 error

WARN: Error evaluating script /n/home05/kirchner/hsph_scratch/projects/js_trinity/src/newbpipe/bwa.groovy: startup failed:
Script1.groovy: 16: expecting anything but ''\n''; got it anyway @ line 16, column 46.
   ex -p $vectordir -a is $vector
                                 ^

1 error

