Caught: java.lang.StackOverflowError
java.lang.StackOverflowError
	at groovyjarjarantlr.ASTFactory.create(ASTFactory.java:262)
	at groovyjarjarantlr.ASTFactory.create(ASTFactory.java:153)
	at groovyjarjarantlr.ASTFactory.create(ASTFactory.java:194)
	at bpipe.Pipeline$_loadExternalStages_closure4.doCall(Pipeline.groovy:396)
	at bpipe.Pipeline.loadExternalStages(Pipeline.groovy:393)
	at bpipe.Pipeline.this$2$loadExternalStages(Pipeline.groovy)
	at bpipe.Pipeline$this$2$loadExternalStages.call(Unknown Source)
	at bpipe.Pipeline.run(Pipeline.groovy:239)
	at bpipe.Pipeline$run.callStatic(Unknown Source)
	at bpipe.Pipeline$run.callStatic(Unknown Source)
	at bpipe.Pipeline.run(Pipeline.groovy:217)
	at Script4.run(Script4.groovy:10)
	at bpipe.Pipeline$_loadExternalStages_closure4.doCall(Pipeline.groovy:396)
	at bpipe.Pipeline.loadExternalStages(Pipeline.groovy:393)
	at bpipe.Pipeline.this$2$loadExternalStages(Pipeline.groovy)
	at bpipe.Pipeline$this$2$loadExternalStages.call(Unknown Source)
	at bpipe.Pipeline.run(Pipeline.groovy:239)
	at bpipe.Pipeline$run.callStatic(Unknown Source)
	at bpipe.Pipeline$run.callStatic(Unknown Source)
	at bpipe.Pipeline.run(Pipeline.groovy:217)
	at Script4.run(Script4.groovy:10)
	at bpipe.Pipeline$_loadExternalStages_closure4.doCall(Pipeline.groovy:396)
	at bpipe.Pipeline.loadExternalStages(Pipeline.groovy:393)
	at bpipe.Pipeline.this$2$loadExternalStages(Pipeline.groovy)
	at bpipe.Pipeline$this$2$loadExternalStages.call(Unknown Source)
	at bpipe.Pipeline.run(Pipeline.groovy:239)
	at bpipe.Pipeline$run.callStatic(Unknown Source)
	at bpipe.Pipeline$run.callStatic(Unknown Source)
	at bpipe.Pipeline.run(Pipeline.groovy:217)
	at Script4.run(Script4.groovy:10)
	at bpipe.Pipeline$_loadExternalStages_closure4.doCall(Pipeline.groovy:396)
	at bpipe.Pipeline.loadExternalStages(Pipeline.groovy:393)
	at bpipe.Pipeline.this$2$loadExternalStages(Pipeline.groovy)
	at bpipe.Pipeline$this$2$loadExternalStages.call(Unknown Source)
	at bpipe.Pipeline.run(Pipeline.groovy:239)
	at bpipe.Pipeline$run.callStatic(Unknown Source)
	at bpipe.Pipeline$run.callStatic(Unknown Source)
	at bpipe.Pipeline.run(Pipeline.groovy:217)
	at Script4.run(Script4.groovy:10)
	at bpipe.Pipeline$_loadExternalStages_closure4.doCall(Pipeline.groovy:396)
	at bpipe.Pipeline.loadExternalStages(Pipeline.groovy:393)
	at bpipe.Pipeline.this$2$loadExternalStages(Pipeline.groovy)
	at bpipe.Pipeline$this$2$loadExternalStages.call(Unknown Source)
	at bpipe.Pipeline.run(Pipeline.groovy:239)
	at bpipe.Pipeline$run.callStatic(Unknown Source)
	at bpipe.Pipeline$run.callStatic(Unknown Source)
	at bpipe.Pipeline.run(Pipeline.groovy:217)
	at Script4.run(Script4.groovy:10)
	at bpipe.Pipeline$_loadExternalStages_closure4.doCall(Pipeline.groovy:396)
	at bpipe.Pipeline.loadExternalStages(Pipeline.groovy:393)
	at bpipe.Pipeline.this$2$loadExternalStages(Pipeline.groovy)
	at bpipe.Pipeline$this$2$loadExternalStages.call(Unknown Source)
	at bpipe.Pipeline.run(Pipeline.groovy:239)
	at bpipe.Pipeline$run.callStatic(Unknown Source)
	at bpipe.Pipeline$run.callStatic(Unknown Source)
	at bpipe.Pipeline.run(Pipeline.groovy:217)
	at Script4.run(Script4.groovy:10)
	at bpipe.Pipeline$_loadExternalStages_closure4.doCall(Pipeline.groovy:396)
	at bpipe.Pipeline.loadExternalStages(Pipeline.groovy:393)
	at bpipe.Pipeline.this$2$loadExternalStages(Pipeline.groovy)
	at bpipe.Pipeline$this$2$loadExternalStages.call(Unknown Source)
	at bpipe.Pipeline.run(Pipeline.groovy:239)
	at bpipe.Pipeline$run.callStatic(Unknown Source)
	at bpipe.Pipeline$run.callStatic(Unknown Source)
	at bpipe.Pipeline.run(Pipeline.groovy:217)
	at Script4.run(Script4.groovy:10)
	at bpipe.Pipeline$_loadExternalStages_closure4.doCall(Pipeline.groovy:396)
	at bpipe.Pipeline.loadExternalStages(Pipeline.groovy:393)
	at bpipe.Pipeline.this$2$loadExternalStages(Pipeline.groovy)
	at bpipe.Pipeline$this$2$loadExternalStages.call(Unknown Source)
	at bpipe.Pipeline.run(Pipeline.groovy:239)
	at bpipe.Pipeline$run.callStatic(Unknown Source)
	at bpipe.Pipeline$run.callStatic(Unknown Source)
	at bpipe.Pipeline.run(Pipeline.groovy:217)
	at Script4.run(Script4.groovy:10)
	at bpipe.Pipeline$_loadExternalStages_closure4.doCall(Pipeline.groovy:396)
	at bpipe.Pipeline.loadExternalStages(Pipeline.groovy:393)
	at bpipe.Pipeline.this$2$loadExternalStages(Pipeline.groovy)
	at bpipe.Pipeline$this$2$loadExternalStages.call(Unknown Source)
	at bpipe.Pipeline.run(Pipeline.groovy:239)
	at bpipe.Pipeline$run.callStatic(Unknown Source)
	at bpipe.Pipeline$run.callStatic(Unknown Source)
	at bpipe.Pipeline.run(Pipeline.groovy:217)
	at Script4.run(Script4.groovy:10)
	at bpipe.Pipeline$_loadExternalStages_closure4.doCall(Pipeline.groovy:396)
	at bpipe.Pipeline.loadExternalStages(Pipeline.groovy:393)
	at bpipe.Pipeline.this$2$loadExternalStages(Pipeline.groovy)
	at bpipe.Pipeline$this$2$loadExternalStages.call(Unknown Source)
	at bpipe.Pipeline.run(Pipeline.groovy:239)
	at bpipe.Pipeline$run.callStatic(Unknown Source)
	at bpipe.Pipeline$run.callStatic(Unknown Source)
	at bpipe.Pipeline.run(Pipeline.groovy:217)
	at Script4.run(Script4.groovy:10)
	at bpipe.Pipeline$_loadExternalStages_closure4.doCall(Pipeline.groovy:396)
	at bpipe.Pipeline.loadExternalStages(Pipeline.groovy:393)
	at bpipe.Pipeline.this$2$loadExternalStages(Pipeline.groovy)
	at bpipe.Pipeline$this$2$loadExternalStages.call(Unknown Source)
	at bpipe.Pipeline.run(Pipeline.groovy:239)
	at bpipe.Pipeline$run.callStatic(Unknown Source)
	at bpipe.Pipeline$run.callStatic(Unknown Source)
	at bpipe.Pipeline.run(Pipeline.groovy:217)
	at Script4.run(Script4.groovy:10)
	at bpipe.Pipeline$_loadExternalStages_closure4.doCall(Pipeline.groovy:396)
	at bpipe.Pipeline.loadExternalStages(Pipeline.groovy:393)
	at bpipe.Pipeline.this$2$loadExternalStages(Pipeline.groovy)
	at bpipe.Pipeline$this$2$loadExternalStages.call(Unknown Source)
	at bpipe.Pipeline.run(Pipeline.groovy:239)
	at bpipe.Pipeline$run.callStatic(Unknown Source)
	at bpipe.Pipeline$run.callStatic(Unknown Source)
	at bpipe.Pipeline.run(Pipeline.groovy:217)
	at Script4.run(Script4.groovy:10)
	at bpipe.Pipeline$_loadExternalStages_closure4.doCall(Pipeline.groovy:396)
	at bpipe.Pipeline.loadExternalStages(Pipeline.groovy:393)
	at bpipe.Pipeline.this$2$loadExternalStages(Pipeline.groovy)
	at bpipe.Pipeline$this$2$loadExternalStages.call(Unknown Source)
	at bpipe.Pipeline.run(Pipeline.groovy:239)
	at bpipe.Pipeline$run.callStatic(Unknown Source)
	at bpipe.Pipeline$run.callStatic(Unknown Source)
	at bpipe.Pipeline.run(Pipeline.groovy:217)
	at Script4.run(Script4.groovy:10)
	at bpipe.Pipeline$_loadExternalStages_closure4.doCall(Pipeline.groovy:396)
	at bpipe.Pipeline.loadExternalStages(Pipeline.groovy:393)
	at bpipe.Pipeline.this$2$loadExternalStages(Pipeline.groovy)
	at bpipe.Pipeline$this$2$loadExternalStages.call(Unknown Source)
	at bpipe.Pipeline.run(Pipeline.groovy:239)
	at bpipe.Pipeline$run.callStatic(Unknown Source)
	at bpipe.Pipeline$run.callStatic(Unknown Source)
	at bpipe.Pipeline.run(Pipeline.groovy:217)
	at Script4.run(Script4.groovy:10)
	at bpipe.Pipeline$_loadExternalStages_closure4.doCall(Pipeline.groovy:396)
	at bpipe.Pipeline.loadExternalStages(Pipeline.groovy:393)
	at bpipe.Pipeline.this$2$loadExternalStages(Pipeline.groovy)
	at bpipe.Pipeline$this$2$loadExternalStages.call(Unknown Source)
	at bpipe.Pipeline.run(Pipeline.groovy:239)
	at bpipe.Pipeline$run.callStatic(Unknown Source)
	at bpipe.Pipeline$run.callStatic(Unknown Source)
	at bpipe.Pipeline.run(Pipeline.groovy:217)
	at Script4.run(Script4.groovy:10)
	at bpipe.Pipeline$_loadExternalStages_closure4.doCall(Pipeline.groovy:396)
	at bpipe.Pipeline.loadExternalStages(Pipeline.groovy:393)
	at bpipe.Pipeline.this$2$loadExternalStages(Pipeline.groovy)
	at bpipe.Pipeline$this$2$loadExternalStages.call(Unknown Source)
	at bpipe.Pipeline.run(Pipeline.groovy:239)
	at bpipe.Pipeline$run.callStatic(Unknown Source)
	at bpipe.Pipeline$run.callStatic(Unknown Source)
	at bpipe.Pipeline.run(Pipeline.groovy:217)
	at Script4.run(Script4.groovy:10)
	at bpipe.Pipeline$_loadExternalStages_closure4.doCall(Pipeline.groovy:396)
	at bpipe.Pipeline.loadExternalStages(Pipeline.groovy:393)
	at bpipe.Pipeline.this$2$loadExternalStages(Pipeline.groovy)
	at bpipe.Pipeline$this$2$loadExternalStages.call(Unknown Source)
	at bpipe.Pipeline.run(Pipeline.groovy:239)
	at bpipe.Pipeline$run.callStatic(Unknown Source)
	at bpipe.Pipeline$run.callStatic(Unknown Source)
	at bpipe.Pipeline.run(Pipeline.groovy:217)
	at Script4.run(Script4.groovy:10)
	at bpipe.Pipeline$_loadExternalStages_closure4.doCall(Pipeline.groovy:396)
	at bpipe.Pipeline.loadExternalStages(Pipeline.groovy:393)
	at bpipe.Pipeline.this$2$loadExternalStages(Pipeline.groovy)
	at bpipe.Pipeline$this$2$loadExternalStages.call(Unknown Source)
	at bpipe.Pipeline.run(Pipeline.groovy:239)
	at bpipe.Pipeline$run.callStatic(Unknown Source)
	at bpipe.Pipeline$run.callStatic(Unknown Source)
	at bpipe.Pipeline.run(Pipeline.groovy:217)
	at Script4.run(Script4.groovy:10)
	at bpipe.Pipeline$_loadExternalStages_closure4.doCall(Pipeline.groovy:396)
	at bpipe.Pipeline.loadExternalStages(Pipeline.groovy:393)
	at bpipe.Pipeline.this$2$loadExternalStages(Pipeline.groovy)
	at bpipe.Pipeline$this$2$loadExternalStages.call(Unknown Source)
	at bpipe.Pipeline.run(Pipeline.groovy:239)
	at bpipe.Pipeline$run.callStatic(Unknown Source)
	at bpipe.Pipeline$run.callStatic(Unknown Source)
	at bpipe.Pipeline.run(Pipeline.groovy:217)
	at Script4.run(Script4.groovy:10)
	at bpipe.Pipeline$_loadExternalStages_closure4.doCall(Pipeline.groovy:396)
	at bpipe.Pipeline.loadExternalStages(Pipeline.groovy:393)
	at bpipe.Pipeline.this$2$loadExternalStages(Pipeline.groovy)
	at bpipe.Pipeline$this$2$loadExternalStages.call(Unknown Source)
	at bpipe.Pipeline.run(Pipeline.groovy:239)
	at bpipe.Pipeline$run.callStatic(Unknown Source)
	at bpipe.Pipeline$run.callStatic(Unknown Source)
	at bpipe.Pipeline.run(Pipeline.groovy:217)
	at Script4.run(Script4.groovy:10)
	at bpipe.Pipeline$_loadExternalStages_closure4.doCall(Pipeline.groovy:396)
	at bpipe.Pipeline.loadExternalStages(Pipeline.groovy:393)
	at bpipe.Pipeline.this$2$loadExternalStages(Pipeline.groovy)
	at bpipe.Pipeline$this$2$loadExternalStages.call(Unknown Source)
	at bpipe.Pipeline.run(Pipeline.groovy:239)
	at bpipe.Pipeline$run.callStatic(Unknown Source)
	at bpipe.Pipeline$run.callStatic(Unknown Source)
	at bpipe.Pipeline.run(Pipeline.groovy:217)
	at Script4.run(Script4.groovy:10)
	at bpipe.Pipeline$_loadExternalStages_closure4.doCall(Pipeline.groovy:396)
	at bpipe.Pipeline.loadExternalStages(Pipeline.groovy:393)
	at bpipe.Pipeline.this$2$loadExternalStages(Pipeline.groovy)
	at bpipe.Pipeline$this$2$loadExternalStages.call(Unknown Source)
	at bpipe.Pipeline.run(Pipeline.groovy:239)
	at bpipe.Pipeline$run.callStatic(Unknown Source)
	at bpipe.Pipeline$run.callStatic(Unknown Source)
	at bpipe.Pipeline.run(Pipeline.groovy:217)
	at Script4.run(Script4.groovy:10)
	at bpipe.Pipeline$_loadExternalStages_closure4.doCall(Pipeline.groovy:396)
	at bpipe.Pipeline.loadExternalStages(Pipeline.groovy:393)
	at bpipe.Pipeline.this$2$loadExternalStages(Pipeline.groovy)
	at bpipe.Pipeline$this$2$loadExternalStages.call(Unknown Source)
	at bpipe.Pipeline.run(Pipeline.groovy:239)
	at bpipe.Pipeline$run.callStatic(Unknown Source)
	at bpipe.Pipeline$run.callStatic(Unknown Source)
	at bpipe.Pipeline.run(Pipeline.groovy:217)
	at Script4.run(Script4.groovy:10)
	at bpipe.Pipeline$_loadExternalStages_closure4.doCall(Pipeline.groovy:396)
	at bpipe.Pipeline.loadExternalStages(Pipeline.groovy:393)
	at bpipe.Pipeline.this$2$loadExternalStages(Pipeline.groovy)
	at bpipe.Pipeline$this$2$loadExternalStages.call(Unknown Source)
	at bpipe.Pipeline.run(Pipeline.groovy:239)
	at bpipe.Pipeline$run.callStatic(Unknown Source)
	at bpipe.Pipeline$run.callStatic(Unknown Source)
