Caught: java.lang.StackOverflowError
java.lang.StackOverflowError
	at bpipe.ast.BpipeASTTransformation$_searchExpression_closure2.doCall(BpipeASTTransformation.groovy:241)
	at bpipe.ast.BpipeASTTransformation.searchExpression(BpipeASTTransformation.groovy:241)
	at bpipe.ast.BpipeASTTransformation$_searchExpression_closure2.doCall(BpipeASTTransformation.groovy:241)
	at bpipe.ast.BpipeASTTransformation.searchExpression(BpipeASTTransformation.groovy:241)
	at bpipe.ast.BpipeASTTransformation$searchExpression.callCurrent(Unknown Source)
	at bpipe.ast.BpipeASTTransformation$searchExpression.callCurrent(Unknown Source)
	at bpipe.ast.BpipeASTTransformation.searchExpression(BpipeASTTransformation.groovy:238)
	at bpipe.ast.BpipeASTTransformation$_searchExpression_closure1.doCall(BpipeASTTransformation.groovy:235)
	at bpipe.ast.BpipeASTTransformation.searchExpression(BpipeASTTransformation.groovy:235)
	at bpipe.ast.BpipeASTTransformation$searchExpression.callCurrent(Unknown Source)
	at bpipe.ast.BpipeASTTransformation$searchExpression.callCurrent(Unknown Source)
	at bpipe.ast.BpipeASTTransformation.visit(BpipeASTTransformation.groovy:84)
	at bpipe.Pipeline$_loadExternalStages_closure4.doCall(Pipeline.groovy:396)
	at bpipe.Pipeline.loadExternalStages(Pipeline.groovy:393)
	at bpipe.Pipeline.this$2$loadExternalStages(Pipeline.groovy)
	at bpipe.Pipeline$this$2$loadExternalStages.call(Unknown Source)
	at bpipe.Pipeline.run(Pipeline.groovy:239)
	at bpipe.Pipeline$run.callStatic(Unknown Source)
	at bpipe.Pipeline$run.callStatic(Unknown Source)
	at bpipe.Pipeline.run(Pipeline.groovy:217)
	at Script4.run(Script4.groovy:10)
	at bpipe.Pipeline$_loadExternalStages_closure4.doCall(Pipeline.groovy:396)
	at bpipe.Pipeline.loadExternalStages(Pipeline.groovy:393)
	at bpipe.Pipeline.this$2$loadExternalStages(Pipeline.groovy)
	at bpipe.Pipeline$this$2$loadExternalStages.call(Unknown Source)
	at bpipe.Pipeline.run(Pipeline.groovy:239)
	at bpipe.Pipeline$run.callStatic(Unknown Source)
	at bpipe.Pipeline$run.callStatic(Unknown Source)
	at bpipe.Pipeline.run(Pipeline.groovy:217)
	at Script4.run(Script4.groovy:10)
	at bpipe.Pipeline$_loadExternalStages_closure4.doCall(Pipeline.groovy:396)
	at bpipe.Pipeline.loadExternalStages(Pipeline.groovy:393)
	at bpipe.Pipeline.this$2$loadExternalStages(Pipeline.groovy)
	at bpipe.Pipeline$this$2$loadExternalStages.call(Unknown Source)
	at bpipe.Pipeline.run(Pipeline.groovy:239)
	at bpipe.Pipeline$run.callStatic(Unknown Source)
	at bpipe.Pipeline$run.callStatic(Unknown Source)
	at bpipe.Pipeline.run(Pipeline.groovy:217)
	at Script4.run(Script4.groovy:10)
	at bpipe.Pipeline$_loadExternalStages_closure4.doCall(Pipeline.groovy:396)
	at bpipe.Pipeline.loadExternalStages(Pipeline.groovy:393)
	at bpipe.Pipeline.this$2$loadExternalStages(Pipeline.groovy)
	at bpipe.Pipeline$this$2$loadExternalStages.call(Unknown Source)
	at bpipe.Pipeline.run(Pipeline.groovy:239)
	at bpipe.Pipeline$run.callStatic(Unknown Source)
	at bpipe.Pipeline$run.callStatic(Unknown Source)
	at bpipe.Pipeline.run(Pipeline.groovy:217)
	at Script4.run(Script4.groovy:10)
	at bpipe.Pipeline$_loadExternalStages_closure4.doCall(Pipeline.groovy:396)
	at bpipe.Pipeline.loadExternalStages(Pipeline.groovy:393)
	at bpipe.Pipeline.this$2$loadExternalStages(Pipeline.groovy)
	at bpipe.Pipeline$this$2$loadExternalStages.call(Unknown Source)
	at bpipe.Pipeline.run(Pipeline.groovy:239)
	at bpipe.Pipeline$run.callStatic(Unknown Source)
	at bpipe.Pipeline$run.callStatic(Unknown Source)
	at bpipe.Pipeline.run(Pipeline.groovy:217)
	at Script4.run(Script4.groovy:10)
	at bpipe.Pipeline$_loadExternalStages_closure4.doCall(Pipeline.groovy:396)
	at bpipe.Pipeline.loadExternalStages(Pipeline.groovy:393)
	at bpipe.Pipeline.this$2$loadExternalStages(Pipeline.groovy)
	at bpipe.Pipeline$this$2$loadExternalStages.call(Unknown Source)
	at bpipe.Pipeline.run(Pipeline.groovy:239)
	at bpipe.Pipeline$run.callStatic(Unknown Source)
	at bpipe.Pipeline$run.callStatic(Unknown Source)
	at bpipe.Pipeline.run(Pipeline.groovy:217)
	at Script4.run(Script4.groovy:10)
	at bpipe.Pipeline$_loadExternalStages_closure4.doCall(Pipeline.groovy:396)
	at bpipe.Pipeline.loadExternalStages(Pipeline.groovy:393)
	at bpipe.Pipeline.this$2$loadExternalStages(Pipeline.groovy)
	at bpipe.Pipeline$this$2$loadExternalStages.call(Unknown Source)
	at bpipe.Pipeline.run(Pipeline.groovy:239)
	at bpipe.Pipeline$run.callStatic(Unknown Source)
	at bpipe.Pipeline$run.callStatic(Unknown Source)
	at bpipe.Pipeline.run(Pipeline.groovy:217)
	at Script4.run(Script4.groovy:10)
	at bpipe.Pipeline$_loadExternalStages_closure4.doCall(Pipeline.groovy:396)
	at bpipe.Pipeline.loadExternalStages(Pipeline.groovy:393)
	at bpipe.Pipeline.this$2$loadExternalStages(Pipeline.groovy)
	at bpipe.Pipeline$this$2$loadExternalStages.call(Unknown Source)
	at bpipe.Pipeline.run(Pipeline.groovy:239)
	at bpipe.Pipeline$run.callStatic(Unknown Source)
	at bpipe.Pipeline$run.callStatic(Unknown Source)
	at bpipe.Pipeline.run(Pipeline.groovy:217)
	at Script4.run(Script4.groovy:10)
	at bpipe.Pipeline$_loadExternalStages_closure4.doCall(Pipeline.groovy:396)
	at bpipe.Pipeline.loadExternalStages(Pipeline.groovy:393)
	at bpipe.Pipeline.this$2$loadExternalStages(Pipeline.groovy)
	at bpipe.Pipeline$this$2$loadExternalStages.call(Unknown Source)
	at bpipe.Pipeline.run(Pipeline.groovy:239)
	at bpipe.Pipeline$run.callStatic(Unknown Source)
	at bpipe.Pipeline$run.callStatic(Unknown Source)
	at bpipe.Pipeline.run(Pipeline.groovy:217)
	at Script4.run(Script4.groovy:10)
	at bpipe.Pipeline$_loadExternalStages_closure4.doCall(Pipeline.groovy:396)
	at bpipe.Pipeline.loadExternalStages(Pipeline.groovy:393)
	at bpipe.Pipeline.this$2$loadExternalStages(Pipeline.groovy)
	at bpipe.Pipeline$this$2$loadExternalStages.call(Unknown Source)
	at bpipe.Pipeline.run(Pipeline.groovy:239)
	at bpipe.Pipeline$run.callStatic(Unknown Source)
	at bpipe.Pipeline$run.callStatic(Unknown Source)
	at bpipe.Pipeline.run(Pipeline.groovy:217)
	at Script4.run(Script4.groovy:10)
	at bpipe.Pipeline$_loadExternalStages_closure4.doCall(Pipeline.groovy:396)
	at bpipe.Pipeline.loadExternalStages(Pipeline.groovy:393)
	at bpipe.Pipeline.this$2$loadExternalStages(Pipeline.groovy)
	at bpipe.Pipeline$this$2$loadExternalStages.call(Unknown Source)
	at bpipe.Pipeline.run(Pipeline.groovy:239)
	at bpipe.Pipeline$run.callStatic(Unknown Source)
	at bpipe.Pipeline$run.callStatic(Unknown Source)
	at bpipe.Pipeline.run(Pipeline.groovy:217)
	at Script4.run(Script4.groovy:10)
	at bpipe.Pipeline$_loadExternalStages_closure4.doCall(Pipeline.groovy:396)
	at bpipe.Pipeline.loadExternalStages(Pipeline.groovy:393)
	at bpipe.Pipeline.this$2$loadExternalStages(Pipeline.groovy)
	at bpipe.Pipeline$this$2$loadExternalStages.call(Unknown Source)
	at bpipe.Pipeline.run(Pipeline.groovy:239)
	at bpipe.Pipeline$run.callStatic(Unknown Source)
	at bpipe.Pipeline$run.callStatic(Unknown Source)
	at bpipe.Pipeline.run(Pipeline.groovy:217)
	at Script4.run(Script4.groovy:10)
	at bpipe.Pipeline$_loadExternalStages_closure4.doCall(Pipeline.groovy:396)
	at bpipe.Pipeline.loadExternalStages(Pipeline.groovy:393)
	at bpipe.Pipeline.this$2$loadExternalStages(Pipeline.groovy)
	at bpipe.Pipeline$this$2$loadExternalStages.call(Unknown Source)
	at bpipe.Pipeline.run(Pipeline.groovy:239)
	at bpipe.Pipeline$run.callStatic(Unknown Source)
	at bpipe.Pipeline$run.callStatic(Unknown Source)
	at bpipe.Pipeline.run(Pipeline.groovy:217)
	at Script4.run(Script4.groovy:10)
	at bpipe.Pipeline$_loadExternalStages_closure4.doCall(Pipeline.groovy:396)
	at bpipe.Pipeline.loadExternalStages(Pipeline.groovy:393)
	at bpipe.Pipeline.this$2$loadExternalStages(Pipeline.groovy)
	at bpipe.Pipeline$this$2$loadExternalStages.call(Unknown Source)
	at bpipe.Pipeline.run(Pipeline.groovy:239)
	at bpipe.Pipeline$run.callStatic(Unknown Source)
	at bpipe.Pipeline$run.callStatic(Unknown Source)
	at bpipe.Pipeline.run(Pipeline.groovy:217)
	at Script4.run(Script4.groovy:10)
	at bpipe.Pipeline$_loadExternalStages_closure4.doCall(Pipeline.groovy:396)
	at bpipe.Pipeline.loadExternalStages(Pipeline.groovy:393)
	at bpipe.Pipeline.this$2$loadExternalStages(Pipeline.groovy)
	at bpipe.Pipeline$this$2$loadExternalStages.call(Unknown Source)
	at bpipe.Pipeline.run(Pipeline.groovy:239)
	at bpipe.Pipeline$run.callStatic(Unknown Source)
	at bpipe.Pipeline$run.callStatic(Unknown Source)
	at bpipe.Pipeline.run(Pipeline.groovy:217)
	at Script4.run(Script4.groovy:10)
	at bpipe.Pipeline$_loadExternalStages_closure4.doCall(Pipeline.groovy:396)
	at bpipe.Pipeline.loadExternalStages(Pipeline.groovy:393)
	at bpipe.Pipeline.this$2$loadExternalStages(Pipeline.groovy)
	at bpipe.Pipeline$this$2$loadExternalStages.call(Unknown Source)
	at bpipe.Pipeline.run(Pipeline.groovy:239)
	at bpipe.Pipeline$run.callStatic(Unknown Source)
	at bpipe.Pipeline$run.callStatic(Unknown Source)
	at bpipe.Pipeline.run(Pipeline.groovy:217)
	at Script4.run(Script4.groovy:10)
	at bpipe.Pipeline$_loadExternalStages_closure4.doCall(Pipeline.groovy:396)
	at bpipe.Pipeline.loadExternalStages(Pipeline.groovy:393)
	at bpipe.Pipeline.this$2$loadExternalStages(Pipeline.groovy)
	at bpipe.Pipeline$this$2$loadExternalStages.call(Unknown Source)
	at bpipe.Pipeline.run(Pipeline.groovy:239)
	at bpipe.Pipeline$run.callStatic(Unknown Source)
	at bpipe.Pipeline$run.callStatic(Unknown Source)
	at bpipe.Pipeline.run(Pipeline.groovy:217)
	at Script4.run(Script4.groovy:10)
	at bpipe.Pipeline$_loadExternalStages_closure4.doCall(Pipeline.groovy:396)
	at bpipe.Pipeline.loadExternalStages(Pipeline.groovy:393)
	at bpipe.Pipeline.this$2$loadExternalStages(Pipeline.groovy)
	at bpipe.Pipeline$this$2$loadExternalStages.call(Unknown Source)
	at bpipe.Pipeline.run(Pipeline.groovy:239)
	at bpipe.Pipeline$run.callStatic(Unknown Source)
	at bpipe.Pipeline$run.callStatic(Unknown Source)
	at bpipe.Pipeline.run(Pipeline.groovy:217)
	at Script4.run(Script4.groovy:10)
	at bpipe.Pipeline$_loadExternalStages_closure4.doCall(Pipeline.groovy:396)
	at bpipe.Pipeline.loadExternalStages(Pipeline.groovy:393)
	at bpipe.Pipeline.this$2$loadExternalStages(Pipeline.groovy)
	at bpipe.Pipeline$this$2$loadExternalStages.call(Unknown Source)
	at bpipe.Pipeline.run(Pipeline.groovy:239)
	at bpipe.Pipeline$run.callStatic(Unknown Source)
	at bpipe.Pipeline$run.callStatic(Unknown Source)
	at bpipe.Pipeline.run(Pipeline.groovy:217)
	at Script4.run(Script4.groovy:10)
	at bpipe.Pipeline$_loadExternalStages_closure4.doCall(Pipeline.groovy:396)
	at bpipe.Pipeline.loadExternalStages(Pipeline.groovy:393)
	at bpipe.Pipeline.this$2$loadExternalStages(Pipeline.groovy)
	at bpipe.Pipeline$this$2$loadExternalStages.call(Unknown Source)
	at bpipe.Pipeline.run(Pipeline.groovy:239)
	at bpipe.Pipeline$run.callStatic(Unknown Source)
	at bpipe.Pipeline$run.callStatic(Unknown Source)
	at bpipe.Pipeline.run(Pipeline.groovy:217)
	at Script4.run(Script4.groovy:10)
	at bpipe.Pipeline$_loadExternalStages_closure4.doCall(Pipeline.groovy:396)
	at bpipe.Pipeline.loadExternalStages(Pipeline.groovy:393)
	at bpipe.Pipeline.this$2$loadExternalStages(Pipeline.groovy)
	at bpipe.Pipeline$this$2$loadExternalStages.call(Unknown Source)
	at bpipe.Pipeline.run(Pipeline.groovy:239)
	at bpipe.Pipeline$run.callStatic(Unknown Source)
	at bpipe.Pipeline$run.callStatic(Unknown Source)
	at bpipe.Pipeline.run(Pipeline.groovy:217)
	at Script4.run(Script4.groovy:10)
	at bpipe.Pipeline$_loadExternalStages_closure4.doCall(Pipeline.groovy:396)
	at bpipe.Pipeline.loadExternalStages(Pipeline.groovy:393)
	at bpipe.Pipeline.this$2$loadExternalStages(Pipeline.groovy)
	at bpipe.Pipeline$this$2$loadExternalStages.call(Unknown Source)
	at bpipe.Pipeline.run(Pipeline.groovy:239)
	at bpipe.Pipeline$run.callStatic(Unknown Source)
	at bpipe.Pipeline$run.callStatic(Unknown Source)
	at bpipe.Pipeline.run(Pipeline.groovy:217)
	at Script4.run(Script4.groovy:10)
	at bpipe.Pipeline$_loadExternalStages_closure4.doCall(Pipeline.groovy:396)
	at bpipe.Pipeline.loadExternalStages(Pipeline.groovy:393)
	at bpipe.Pipeline.this$2$loadExternalStages(Pipeline.groovy)
	at bpipe.Pipeline$this$2$loadExternalStages.call(Unknown Source)
	at bpipe.Pipeline.run(Pipeline.groovy:239)
	at bpipe.Pipeline$run.callStatic(Unknown Source)
	at bpipe.Pipeline$run.callStatic(Unknown Source)
	at bpipe.Pipeline.run(Pipeline.groovy:217)
	at Script4.run(Script4.groovy:10)
	at bpipe.Pipeline$_loadExternalStages_closure4.doCall(Pipeline.groovy:396)
	at bpipe.Pipeline.loadExternalStages(Pipeline.groovy:393)
	at bpipe.Pipeline.this$2$loadExternalStages(Pipeline.groovy)
	at bpipe.Pipeline$this$2$loadExternalStages.call(Unknown Source)
	at bpipe.Pipeline.run(Pipeline.groovy:239)
	at bpipe.Pipeline$run.callStatic(Unknown Source)
	at bpipe.Pipeline$run.callStatic(Unknown Source)
	at bpipe.Pipeline.run(Pipeline.groovy:217)
